<?xml version="1.0" encoding="UTF-8"?>
<!-- Generated by org.testng.reporters.JUnitReportReporter -->
<testsuite ignored="0" hostname="Anagha_Arjun" failures="0" tests="1" name="com.sevenrmartsupermarket.tests.LoginTest" time="10.882" errors="0" timestamp="09 Jan 2025 16:02:09 GMT" skipped="0">
  <testcase classname="com.sevenrmartsupermarket.tests.LoginTest" name="verifyUserLogin" time="10.882"/>
</testsuite> <!-- com.sevenrmartsupermarket.tests.LoginTest -->
