<?xml version="1.0" encoding="UTF-8"?>
<!-- Generated by org.testng.reporters.JUnitReportReporter -->
<testsuite ignored="0" hostname="Anagha_Arjun" failures="0" tests="1" name="com.sevenrmartsupermarket.tests.LoginTest" time="3.929" errors="0" timestamp="15 Jan 2025 16:04:04 GMT" skipped="0">
  <testcase classname="com.sevenrmartsupermarket.tests.LoginTest" name="verifyUserLogin" time="3.929"/>
</testsuite> <!-- com.sevenrmartsupermarket.tests.LoginTest -->
