<?xml version="1.0" encoding="UTF-8"?>
<!-- Generated by org.testng.reporters.JUnitReportReporter -->
<testsuite ignored="1" hostname="Anagha_Arjun" failures="0" tests="1" name="com.sevenrmartsupermarket.tests.AdminUsersTest" time="3.922" errors="0" timestamp="15 Jan 2025 15:50:32 GMT" skipped="0">
  <testcase classname="com.sevenrmartsupermarket.tests.AdminUsersTest" name="createNewAdminUser" time="3.922"/>
  <testcase classname="com.sevenrmartsupermarket.tests.ManageNewsTest" name="verifyNewCreation">
    <skipped/>
  </testcase> <!-- verifyNewCreation -->
</testsuite> <!-- com.sevenrmartsupermarket.tests.AdminUsersTest -->
