<?xml version="1.0" encoding="UTF-8"?>
<!-- Generated by org.testng.reporters.JUnitReportReporter -->
<testsuite ignored="1" hostname="Anagha_Arjun" failures="0" tests="1" name="com.sevenrmartsupermarket.tests.ManageNewsTest" time="3.924" errors="0" timestamp="13 Jan 2025 15:31:57 GMT" skipped="0">
  <testcase classname="com.sevenrmartsupermarket.tests.ManageNewsTest" name="screenshot" time="3.924"/>
  <testcase classname="com.sevenrmartsupermarket.tests.ManageNewsTest" name="verifyNewCreation">
    <skipped/>
  </testcase> <!-- verifyNewCreation -->
</testsuite> <!-- com.sevenrmartsupermarket.tests.ManageNewsTest -->
