<?xml version="1.0" encoding="UTF-8"?>
<!-- Generated by org.testng.reporters.JUnitReportReporter -->
<testsuite ignored="1" hostname="Anagha_Arjun" failures="0" tests="1" name="com.sevenrmartsupermarket.tests.ManageNewsTest" time="4.112" errors="0" timestamp="15 Jan 2025 15:45:41 GMT" skipped="0">
  <testcase classname="com.sevenrmartsupermarket.tests.ManageNewsTest" name="verifyNewCreation" time="4.112"/>
  <testcase classname="com.sevenrmartsupermarket.tests.AdminUsersTest" name="createNewAdminUser">
    <skipped/>
  </testcase> <!-- createNewAdminUser -->
</testsuite> <!-- com.sevenrmartsupermarket.tests.ManageNewsTest -->
